<?xml version="1.0" encoding="UTF-8"?>
<testng-results skipped="0" failed="0" ignored="0" total="1" passed="1">
  <reporter-output>
  </reporter-output>
  <suite name="Default suite" duration-ms="28" started-at="2019-01-11T10:09:43Z" finished-at="2019-01-11T10:09:43Z">
    <groups>
    </groups>
    <test name="Default test" duration-ms="28" started-at="2019-01-11T10:09:43Z" finished-at="2019-01-11T10:09:43Z">
      <class name="com.qa.test.LoginTest">
        <test-method status="PASS" signature="ValidateLoginTest()[pri:0, instance:com.qa.test.LoginTest@7c16905e]" name="ValidateLoginTest" duration-ms="8" started-at="2019-01-11T10:09:43Z" finished-at="2019-01-11T10:09:43Z">
          <reporter-output>
          </reporter-output>
        </test-method> <!-- ValidateLoginTest -->
      </class> <!-- com.qa.test.LoginTest -->
    </test> <!-- Default test -->
  </suite> <!-- Default suite -->
</testng-results>
